<?xml version="1.0" encoding="UTF-8"?>
<!-- Generated by org.testng.reporters.JUnitXMLReporter -->
<testsuite ignored="0" hostname="HamzehAbuAmer" failures="0" tests="4" name="Default test" time="10.921" errors="0" timestamp="2024-06-27T04:31:03 EET">
  <testcase classname="myTestCases" name="addData" time="0.423"/>
  <testcase classname="myTestCases" name="updateData" time="0.979"/>
  <testcase classname="myTestCases" name="getData" time="8.676"/>
  <testcase classname="myTestCases" name="DeleteData" time="0.31"/>
</testsuite> <!-- Default test -->
