<?xml version="1.0" encoding="UTF-8"?>
<testng-results ignored="0" total="4" passed="4" failed="0" skipped="0">
  <reporter-output>
  </reporter-output>
  <suite started-at="2024-06-27T04:30:52 EET" name="Default suite" finished-at="2024-06-27T04:31:03 EET" duration-ms="10921">
    <groups>
    </groups>
    <test started-at="2024-06-27T04:30:52 EET" name="Default test" finished-at="2024-06-27T04:31:03 EET" duration-ms="10921">
      <class name="myTestCases">
        <test-method is-config="true" signature="mySetup()[pri:0, instance:myTestCases@f74e835]" started-at="2024-06-27T04:30:52 EET" name="mySetup" finished-at="2024-06-27T04:30:52 EET" duration-ms="469" status="PASS">
          <reporter-output>
          </reporter-output>
        </test-method> <!-- mySetup -->
        <test-method signature="addData()[pri:1, instance:myTestCases@f74e835]" started-at="2024-06-27T04:30:52 EET" name="addData" finished-at="2024-06-27T04:30:53 EET" duration-ms="423" status="PASS">
          <reporter-output>
          </reporter-output>
        </test-method> <!-- addData -->
        <test-method signature="updateData()[pri:2, instance:myTestCases@f74e835]" started-at="2024-06-27T04:30:53 EET" name="updateData" finished-at="2024-06-27T04:30:54 EET" duration-ms="979" status="PASS">
          <reporter-output>
          </reporter-output>
        </test-method> <!-- updateData -->
        <test-method signature="getData()[pri:3, instance:myTestCases@f74e835]" started-at="2024-06-27T04:30:54 EET" name="getData" finished-at="2024-06-27T04:31:02 EET" duration-ms="8676" status="PASS">
          <reporter-output>
          </reporter-output>
        </test-method> <!-- getData -->
        <test-method signature="DeleteData()[pri:4, instance:myTestCases@f74e835]" started-at="2024-06-27T04:31:02 EET" name="DeleteData" finished-at="2024-06-27T04:31:03 EET" duration-ms="310" status="PASS">
          <reporter-output>
          </reporter-output>
        </test-method> <!-- DeleteData -->
      </class> <!-- myTestCases -->
    </test> <!-- Default test -->
  </suite> <!-- Default suite -->
</testng-results>
